Count:
[]
Count:
[78, 61]
Count:
[78, 61, 75]
         Count
Keyword       
love        69
youtube     35
video       34
amp         34
day         27
wanna       24
feel        23
today       23
hate        23

[9 rows x 1 columns]
                   Count
Hashtag                 
#androidgames         12
#android              12
#youtubemarketing     10
#youtube              10
#gameinsightrt         5
#gameinsighti          5
#mplusplaces           4
#mplusrewards          3
#onedirection          2

[9 rows x 1 columns]
2016-09-21 16:02:35.217115
[78, 61, 75]
